#
# A fatal error has been detected by the Java Runtime Environment:
#
#  Internal Error (classFileParser.cpp:3494), pid=9328, tid=139635775477504
#  Error: ShouldNotReachHere()
#
# JRE version: 6.0_24-b24
# Java VM: OpenJDK 64-Bit Server VM (20.0-b12 mixed mode linux-amd64 compressed oops)
# Derivative: IcedTea6 1.11.3
# Distribution: Ubuntu 12.04 LTS, package 6b24-1.11.3-1ubuntu0.12.04.1
# If you would like to submit a bug report, please include
# instructions how to reproduce the bug and visit:
#   https://bugs.launchpad.net/ubuntu/+source/openjdk-6/
#

---------------  T H R E A D  ---------------

Current thread (0x00007eff74008000):  JavaThread "Unknown thread" [_thread_in_vm, id=9334, stack(0x00007eff7cbb9000,0x00007eff7ccba000)]

Stack: [0x00007eff7cbb9000,0x00007eff7ccba000],  sp=0x00007eff7ccb8080,  free space=1020k
Native frames: (J=compiled Java code, j=interpreted, Vv=VM code, C=native code)
V  [libjvm.so+0x7836d5]  VMError::report(outputStream*)+0x1255
V  [libjvm.so+0x783959]  VMError::report_and_die()+0x169
V  [libjvm.so+0x3bb18a]  report_vm_error(char const*, int, char const*, char const*)+0x4a
V  [libjvm.so+0x351555]  ClassFileParser::parseClassFile(symbolHandle, Handle, Handle, KlassHandle, GrowableArray<Handle>*, symbolHandle&, bool, Thread*)+0x1545
V  [libjvm.so+0x3557b3]  ClassLoader::load_classfile(symbolHandle, Thread*)+0x1f3
V  [libjvm.so+0x71b894]  SystemDictionary::load_instance_class(symbolHandle, Handle, Thread*)+0x354
V  [libjvm.so+0x719fa0]  SystemDictionary::resolve_instance_class_or_null(symbolHandle, Handle, Handle, Thread*)+0x7c0
V  [libjvm.so+0x71bf23]  SystemDictionary::resolve_or_fail(symbolHandle, Handle, Handle, bool, Thread*)+0x33
V  [libjvm.so+0x71c004]  SystemDictionary::resolve_or_fail(symbolHandle, bool, Thread*)+0x14
V  [libjvm.so+0x71c0b0]  SystemDictionary::initialize_wk_klass(SystemDictionary::WKID, int, Thread*)+0xa0
V  [libjvm.so+0x71c119]  SystemDictionary::initialize_wk_klasses_until(SystemDictionary::WKID, SystemDictionary::WKID&, Thread*)+0x59
V  [libjvm.so+0x71c211]  SystemDictionary::initialize_preloaded_classes(Thread*)+0x71
V  [libjvm.so+0x75fa8f]  Universe::genesis(Thread*)+0x11f
V  [libjvm.so+0x76043f]  universe2_init()+0x1f
V  [libjvm.so+0x473f25]  init_globals()+0x95
V  [libjvm.so+0x74a3ca]  Threads::create_vm(JavaVMInitArgs*, bool*)+0x1ea
V  [libjvm.so+0x4cdbf1]  JNI_CreateJavaVM+0x61
C  [java+0x317e]  JavaMain+0x7e


---------------  P R O C E S S  ---------------

Java Threads: ( => current thread )

Other Threads:

=>0x00007eff74008000 (exited) JavaThread "Unknown thread" [_thread_in_vm, id=9334, stack(0x00007eff7cbb9000,0x00007eff7ccba000)]

VM state:not at safepoint (not fully initialized)

VM Mutex/Monitor currently owned by a thread: None

Dynamic libraries:
00400000-00409000 r-xp 00000000 08:06 1707421                            /usr/lib/jvm/java-6-openjdk-amd64/jre/bin/java
00608000-00609000 r--p 00008000 08:06 1707421                            /usr/lib/jvm/java-6-openjdk-amd64/jre/bin/java
00609000-0060a000 rw-p 00009000 08:06 1707421                            /usr/lib/jvm/java-6-openjdk-amd64/jre/bin/java
016ef000-01710000 rw-p 00000000 00:00 0                                  [heap]
ba000000-bb4c0000 rw-p 00000000 00:00 0 
bb4c0000-c4600000 rw-p 00000000 00:00 0 
c4600000-c6dc0000 rw-p 00000000 00:00 0 
c6dc0000-ec200000 rw-p 00000000 00:00 0 
ec200000-ed5d0000 rw-p 00000000 00:00 0 
ed5d0000-100000000 rw-p 00000000 00:00 0 
7eff54000000-7eff54021000 rw-p 00000000 00:00 0 
7eff54021000-7eff58000000 ---p 00000000 00:00 0 
7eff5c000000-7eff5c021000 rw-p 00000000 00:00 0 
7eff5c021000-7eff60000000 ---p 00000000 00:00 0 
7eff64000000-7eff64021000 rw-p 00000000 00:00 0 
7eff64021000-7eff68000000 ---p 00000000 00:00 0 
7eff6c000000-7eff6c021000 rw-p 00000000 00:00 0 
7eff6c021000-7eff70000000 ---p 00000000 00:00 0 
7eff71000000-7eff71270000 rwxp 00000000 00:00 0 
7eff71270000-7eff7407e000 rw-p 00000000 00:00 0 
7eff7407e000-7eff78000000 ---p 00000000 00:00 0 
7eff791bb000-7eff79279000 r--s 00fac000 08:06 8392605                    /home/kesten/android-sdk-linux/platforms/android-15/android.jar
7eff79279000-7eff792a1000 rw-p 00000000 00:00 0 
7eff792a1000-7eff792a2000 ---p 00000000 00:00 0 
7eff792a2000-7eff793a2000 rw-p 00000000 00:00 0 
7eff793a2000-7eff793a3000 ---p 00000000 00:00 0 
7eff793a3000-7eff794a3000 rw-p 00000000 00:00 0 
7eff794a3000-7eff794a4000 ---p 00000000 00:00 0 
7eff794a4000-7eff795a4000 rw-p 00000000 00:00 0 
7eff795a4000-7eff795a5000 ---p 00000000 00:00 0 
7eff795a5000-7eff796b0000 rw-p 00000000 00:00 0 
7eff796b0000-7eff796f8000 rw-p 00000000 00:00 0 
7eff796f8000-7eff7970c000 rw-p 00000000 00:00 0 
7eff7970c000-7eff79836000 rw-p 00000000 00:00 0 
7eff79836000-7eff79841000 rw-p 00000000 00:00 0 
7eff79841000-7eff79889000 rw-p 00000000 00:00 0 
7eff79889000-7eff7989d000 rw-p 00000000 00:00 0 
7eff7989d000-7eff799c7000 rw-p 00000000 00:00 0 
7eff799c7000-7eff799d1000 rw-p 00000000 00:00 0 
7eff799d1000-7eff79a66000 rw-p 00000000 00:00 0 
7eff79a66000-7eff79a67000 rw-p 00000000 00:00 0 
7eff79a67000-7eff79a6e000 r-xp 00000000 08:06 1707361                    /usr/lib/jvm/java-6-openjdk-amd64/jre/lib/amd64/libzip.so
7eff79a6e000-7eff79c6d000 ---p 00007000 08:06 1707361                    /usr/lib/jvm/java-6-openjdk-amd64/jre/lib/amd64/libzip.so
7eff79c6d000-7eff79c6e000 r--p 00006000 08:06 1707361                    /usr/lib/jvm/java-6-openjdk-amd64/jre/lib/amd64/libzip.so
7eff79c6e000-7eff79c6f000 rw-p 00007000 08:06 1707361                    /usr/lib/jvm/java-6-openjdk-amd64/jre/lib/amd64/libzip.so
7eff79c6f000-7eff79c7b000 r-xp 00000000 08:06 4202881                    /lib/x86_64-linux-gnu/libnss_files-2.15.so
7eff79c7b000-7eff79e7a000 ---p 0000c000 08:06 4202881                    /lib/x86_64-linux-gnu/libnss_files-2.15.so
7eff79e7a000-7eff79e7b000 r--p 0000b000 08:06 4202881                    /lib/x86_64-linux-gnu/libnss_files-2.15.so
7eff79e7b000-7eff79e7c000 rw-p 0000c000 08:06 4202881                    /lib/x86_64-linux-gnu/libnss_files-2.15.so
7eff79e7c000-7eff79e86000 r-xp 00000000 08:06 4202882                    /lib/x86_64-linux-gnu/libnss_nis-2.15.so
7eff79e86000-7eff7a086000 ---p 0000a000 08:06 4202882                    /lib/x86_64-linux-gnu/libnss_nis-2.15.so
7eff7a086000-7eff7a087000 r--p 0000a000 08:06 4202882                    /lib/x86_64-linux-gnu/libnss_nis-2.15.so
7eff7a087000-7eff7a088000 rw-p 0000b000 08:06 4202882                    /lib/x86_64-linux-gnu/libnss_nis-2.15.so
7eff7a088000-7eff7a09f000 r-xp 00000000 08:06 4198001                    /lib/x86_64-linux-gnu/libnsl-2.15.so
7eff7a09f000-7eff7a29e000 ---p 00017000 08:06 4198001                    /lib/x86_64-linux-gnu/libnsl-2.15.so
7eff7a29e000-7eff7a29f000 r--p 00016000 08:06 4198001                    /lib/x86_64-linux-gnu/libnsl-2.15.so
7eff7a29f000-7eff7a2a0000 rw-p 00017000 08:06 4198001                    /lib/x86_64-linux-gnu/libnsl-2.15.so
7eff7a2a0000-7eff7a2a2000 rw-p 00000000 00:00 0 
7eff7a2a2000-7eff7a2aa000 r-xp 00000000 08:06 4202884                    /lib/x86_64-linux-gnu/libnss_compat-2.15.so
7eff7a2aa000-7eff7a4a9000 ---p 00008000 08:06 4202884                    /lib/x86_64-linux-gnu/libnss_compat-2.15.so
7eff7a4a9000-7eff7a4aa000 r--p 00007000 08:06 4202884                    /lib/x86_64-linux-gnu/libnss_compat-2.15.so
7eff7a4aa000-7eff7a4ab000 rw-p 00008000 08:06 4202884                    /lib/x86_64-linux-gnu/libnss_compat-2.15.so
7eff7a4ab000-7eff7a4d7000 r-xp 00000000 08:06 1706943                    /usr/lib/jvm/java-6-openjdk-amd64/jre/lib/amd64/libjava.so
7eff7a4d7000-7eff7a6d6000 ---p 0002c000 08:06 1706943                    /usr/lib/jvm/java-6-openjdk-amd64/jre/lib/amd64/libjava.so
7eff7a6d6000-7eff7a6d7000 r--p 0002b000 08:06 1706943                    /usr/lib/jvm/java-6-openjdk-amd64/jre/lib/amd64/libjava.so
7eff7a6d7000-7eff7a6da000 rw-p 0002c000 08:06 1706943                    /usr/lib/jvm/java-6-openjdk-amd64/jre/lib/amd64/libjava.so
7eff7a6da000-7eff7a6e8000 r-xp 00000000 08:06 1706955                    /usr/lib/jvm/java-6-openjdk-amd64/jre/lib/amd64/libverify.so
7eff7a6e8000-7eff7a8e7000 ---p 0000e000 08:06 1706955                    /usr/lib/jvm/java-6-openjdk-amd64/jre/lib/amd64/libverify.so
7eff7a8e7000-7eff7a8e9000 r--p 0000d000 08:06 1706955                    /usr/lib/jvm/java-6-openjdk-amd64/jre/lib/amd64/libverify.so
7eff7a8e9000-7eff7a8ea000 rw-p 0000f000 08:06 1706955                    /usr/lib/jvm/java-6-openjdk-amd64/jre/lib/amd64/libverify.so
7eff7a8ea000-7eff7a8f1000 r-xp 00000000 08:06 4202868                    /lib/x86_64-linux-gnu/librt-2.15.so
7eff7a8f1000-7eff7aaf0000 ---p 00007000 08:06 4202868                    /lib/x86_64-linux-gnu/librt-2.15.so
7eff7aaf0000-7eff7aaf1000 r--p 00006000 08:06 4202868                    /lib/x86_64-linux-gnu/librt-2.15.so
7eff7aaf1000-7eff7aaf2000 rw-p 00007000 08:06 4202868                    /lib/x86_64-linux-gnu/librt-2.15.so
7eff7aaf2000-7eff7ab07000 r-xp 00000000 08:06 4198095                    /lib/x86_64-linux-gnu/libgcc_s.so.1
7eff7ab07000-7eff7ad06000 ---p 00015000 08:06 4198095                    /lib/x86_64-linux-gnu/libgcc_s.so.1
7eff7ad06000-7eff7ad07000 r--p 00014000 08:06 4198095                    /lib/x86_64-linux-gnu/libgcc_s.so.1
7eff7ad07000-7eff7ad08000 rw-p 00015000 08:06 4198095                    /lib/x86_64-linux-gnu/libgcc_s.so.1
7eff7ad08000-7eff7ae01000 r-xp 00000000 08:06 4194447                    /lib/x86_64-linux-gnu/libm-2.15.so
7eff7ae01000-7eff7b000000 ---p 000f9000 08:06 4194447                    /lib/x86_64-linux-gnu/libm-2.15.so
7eff7b000000-7eff7b001000 r--p 000f8000 08:06 4194447                    /lib/x86_64-linux-gnu/libm-2.15.so
7eff7b001000-7eff7b002000 rw-p 000f9000 08:06 4194447                    /lib/x86_64-linux-gnu/libm-2.15.so
7eff7b002000-7eff7b0e4000 r-xp 00000000 08:06 1445651                    /usr/lib/x86_64-linux-gnu/libstdc++.so.6.0.16
7eff7b0e4000-7eff7b2e3000 ---p 000e2000 08:06 1445651                    /usr/lib/x86_64-linux-gnu/libstdc++.so.6.0.16
7eff7b2e3000-7eff7b2eb000 r--p 000e1000 08:06 1445651                    /usr/lib/x86_64-linux-gnu/libstdc++.so.6.0.16
7eff7b2eb000-7eff7b2ed000 rw-p 000e9000 08:06 1445651                    /usr/lib/x86_64-linux-gnu/libstdc++.so.6.0.16
7eff7b2ed000-7eff7b302000 rw-p 00000000 00:00 0 
7eff7b302000-7eff7bc06000 r-xp 00000000 08:06 1706936                    /usr/lib/jvm/java-6-openjdk-amd64/jre/lib/amd64/server/libjvm.so
7eff7bc06000-7eff7be06000 ---p 00904000 08:06 1706936                    /usr/lib/jvm/java-6-openjdk-amd64/jre/lib/amd64/server/libjvm.so
7eff7be06000-7eff7be86000 r--p 00904000 08:06 1706936                    /usr/lib/jvm/java-6-openjdk-amd64/jre/lib/amd64/server/libjvm.so
7eff7be86000-7eff7bea1000 rw-p 00984000 08:06 1706936                    /usr/lib/jvm/java-6-openjdk-amd64/jre/lib/amd64/server/libjvm.so
7eff7bea1000-7eff7beca000 rw-p 00000000 00:00 0 
7eff7beca000-7eff7bee0000 r-xp 00000000 08:06 4202806                    /lib/x86_64-linux-gnu/libz.so.1.2.3.4
7eff7bee0000-7eff7c0df000 ---p 00016000 08:06 4202806                    /lib/x86_64-linux-gnu/libz.so.1.2.3.4
7eff7c0df000-7eff7c0e0000 r--p 00015000 08:06 4202806                    /lib/x86_64-linux-gnu/libz.so.1.2.3.4
7eff7c0e0000-7eff7c0e1000 rw-p 00016000 08:06 4202806                    /lib/x86_64-linux-gnu/libz.so.1.2.3.4
7eff7c0e1000-7eff7c294000 r-xp 00000000 08:06 4194448                    /lib/x86_64-linux-gnu/libc-2.15.so
7eff7c294000-7eff7c493000 ---p 001b3000 08:06 4194448                    /lib/x86_64-linux-gnu/libc-2.15.so
7eff7c493000-7eff7c497000 r--p 001b2000 08:06 4194448                    /lib/x86_64-linux-gnu/libc-2.15.so
7eff7c497000-7eff7c499000 rw-p 001b6000 08:06 4194448                    /lib/x86_64-linux-gnu/libc-2.15.so
7eff7c499000-7eff7c49e000 rw-p 00000000 00:00 0 
7eff7c49e000-7eff7c4a0000 r-xp 00000000 08:06 4202888                    /lib/x86_64-linux-gnu/libdl-2.15.so
7eff7c4a0000-7eff7c6a0000 ---p 00002000 08:06 4202888                    /lib/x86_64-linux-gnu/libdl-2.15.so
7eff7c6a0000-7eff7c6a1000 r--p 00002000 08:06 4202888                    /lib/x86_64-linux-gnu/libdl-2.15.so
7eff7c6a1000-7eff7c6a2000 rw-p 00003000 08:06 4202888                    /lib/x86_64-linux-gnu/libdl-2.15.so
7eff7c6a2000-7eff7c6a6000 r-xp 00000000 08:06 1706944                    /usr/lib/jvm/java-6-openjdk-amd64/jre/lib/amd64/jli/libjli.so
7eff7c6a6000-7eff7c8a5000 ---p 00004000 08:06 1706944                    /usr/lib/jvm/java-6-openjdk-amd64/jre/lib/amd64/jli/libjli.so
7eff7c8a5000-7eff7c8a6000 r--p 00003000 08:06 1706944                    /usr/lib/jvm/java-6-openjdk-amd64/jre/lib/amd64/jli/libjli.so
7eff7c8a6000-7eff7c8a7000 rw-p 00004000 08:06 1706944                    /usr/lib/jvm/java-6-openjdk-amd64/jre/lib/amd64/jli/libjli.so
7eff7c8a7000-7eff7c8bf000 r-xp 00000000 08:06 4202892                    /lib/x86_64-linux-gnu/libpthread-2.15.so
7eff7c8bf000-7eff7cabe000 ---p 00018000 08:06 4202892                    /lib/x86_64-linux-gnu/libpthread-2.15.so
7eff7cabe000-7eff7cabf000 r--p 00017000 08:06 4202892                    /lib/x86_64-linux-gnu/libpthread-2.15.so
7eff7cabf000-7eff7cac0000 rw-p 00018000 08:06 4202892                    /lib/x86_64-linux-gnu/libpthread-2.15.so
7eff7cac0000-7eff7cac4000 rw-p 00000000 00:00 0 
7eff7cac4000-7eff7cae6000 r-xp 00000000 08:06 4197998                    /lib/x86_64-linux-gnu/ld-2.15.so
7eff7caf9000-7eff7cb03000 rw-p 00000000 00:00 0 
7eff7cb03000-7eff7cbb9000 rw-p 00000000 00:00 0 
7eff7cbb9000-7eff7cbbc000 ---p 00000000 00:00 0 
7eff7cbbc000-7eff7ccbf000 rw-p 00000000 00:00 0 
7eff7ccda000-7eff7cce2000 rw-s 00000000 08:06 6962740                    /tmp/hsperfdata_kesten/9328
7eff7cce2000-7eff7cce3000 rw-p 00000000 00:00 0 
7eff7cce3000-7eff7cce4000 r--p 00000000 00:00 0 
7eff7cce4000-7eff7cce6000 rw-p 00000000 00:00 0 
7eff7cce6000-7eff7cce7000 r--p 00022000 08:06 4197998                    /lib/x86_64-linux-gnu/ld-2.15.so
7eff7cce7000-7eff7cce9000 rw-p 00023000 08:06 4197998                    /lib/x86_64-linux-gnu/ld-2.15.so
7fff80dfc000-7fff80e1d000 rw-p 00000000 00:00 0                          [stack]
7fff80f95000-7fff80f96000 r-xp 00000000 00:00 0                          [vdso]
ffffffffff600000-ffffffffff601000 r-xp 00000000 00:00 0                  [vsyscall]

VM Arguments:
jvm_args: -Dfile.encoding=UTF-8 -Xbootclasspath:/home/kesten/android-sdk-linux/platforms/android-15/android.jar 
java_command: org.eclipse.jdt.internal.junit.runner.RemoteTestRunner -version 3 -port 47573 -testLoaderClass org.eclipse.jdt.internal.junit.runner.junit3.JUnit3TestLoader -loaderpluginname org.eclipse.jdt.junit.runtime -classNames apache.tests.CircularBufferTest
Launcher Type: SUN_STANDARD

Environment Variables:
PATH=/home/kesten/bin:/usr/lib/lightdm/lightdm:/usr/local/sbin:/usr/local/bin:/usr/sbin:/usr/bin:/sbin:/bin:/usr/games:/home/kesten/android-sdk-linux/platform-tools:/home/kesten/android-sdk-linux/tools
LD_LIBRARY_PATH=/usr/lib/jvm/java-6-openjdk-amd64/jre/lib/amd64/server:/usr/lib/jvm/java-6-openjdk-amd64/jre/lib/amd64:/usr/lib/jvm/java-6-openjdk-amd64/jre/../lib/amd64
SHELL=/bin/bash
DISPLAY=:0.0

Signal Handlers:
SIGSEGV: [libjvm.so+0x784310], sa_mask[0]=0x7ffbfeff, sa_flags=0x10000004
SIGBUS: [libjvm.so+0x784310], sa_mask[0]=0x7ffbfeff, sa_flags=0x10000004
SIGFPE: [libjvm.so+0x648580], sa_mask[0]=0x7ffbfeff, sa_flags=0x10000004
SIGPIPE: [libjvm.so+0x648580], sa_mask[0]=0x7ffbfeff, sa_flags=0x10000004
SIGXFSZ: [libjvm.so+0x648580], sa_mask[0]=0x7ffbfeff, sa_flags=0x10000004
SIGILL: [libjvm.so+0x648580], sa_mask[0]=0x7ffbfeff, sa_flags=0x10000004
SIGUSR1: SIG_DFL, sa_mask[0]=0x00000000, sa_flags=0x00000000
SIGUSR2: [libjvm.so+0x648730], sa_mask[0]=0x00000004, sa_flags=0x10000004
SIGHUP: SIG_DFL, sa_mask[0]=0x00000000, sa_flags=0x00000000
SIGINT: SIG_DFL, sa_mask[0]=0x00000000, sa_flags=0x00000000
SIGTERM: SIG_DFL, sa_mask[0]=0x00000000, sa_flags=0x00000000
SIGQUIT: SIG_DFL, sa_mask[0]=0x00000000, sa_flags=0x00000000


---------------  S Y S T E M  ---------------

OS:Ubuntu 12.04 (precise)
uname:Linux 3.2.0-27-generic #43-Ubuntu SMP Fri Jul 6 14:25:57 UTC 2012 x86_64
libc:glibc 2.15 NPTL 2.15 
rlimit: STACK 8192k, CORE 0k, NPROC 30344, NOFILE 4096, AS infinity
load average:0.83 1.06 1.46

/proc/meminfo:
MemTotal:        3901720 kB
MemFree:          192964 kB
Buffers:           27608 kB
Cached:           343548 kB
SwapCached:        37132 kB
Active:          2582780 kB
Inactive:         744348 kB
Active(anon):    2405676 kB
Inactive(anon):   563884 kB
Active(file):     177104 kB
Inactive(file):   180464 kB
Unevictable:          44 kB
Mlocked:              44 kB
SwapTotal:       4041724 kB
SwapFree:        3790480 kB
Dirty:              1244 kB
Writeback:             4 kB
AnonPages:       2926948 kB
Mapped:           120532 kB
Shmem:             13348 kB
Slab:             165632 kB
SReclaimable:     125840 kB
SUnreclaim:        39792 kB
KernelStack:        4216 kB
PageTables:        40104 kB
NFS_Unstable:          0 kB
Bounce:                0 kB
WritebackTmp:          0 kB
CommitLimit:     5992584 kB
Committed_AS:    5514196 kB
VmallocTotal:   34359738367 kB
VmallocUsed:      100100 kB
VmallocChunk:   34359626504 kB
HardwareCorrupted:     0 kB
AnonHugePages:         0 kB
HugePages_Total:       0
HugePages_Free:        0
HugePages_Rsvd:        0
HugePages_Surp:        0
Hugepagesize:       2048 kB
DirectMap4k:     1056696 kB
DirectMap2M:     2988032 kB


CPU:total 4 (2 cores per cpu, 2 threads per core) family 6 model 37 stepping 2, cmov, cx8, fxsr, mmx, sse, sse2, sse3, ssse3, sse4.1, sse4.2, popcnt, ht

Memory: 4k page, physical 3901720k(192964k free), swap 4041724k(3790480k free)

vm_info: OpenJDK 64-Bit Server VM (20.0-b12) for linux-amd64 JRE (1.6.0_24-b24), built on Jun 27 2012 02:37:21 by "buildd" with gcc 4.6.3

time: Sat Aug 11 16:28:35 2012
elapsed time: 0 seconds

